[00:00:07] [Server thread/INFO]: [Not Secure] <shlz07> tontito donde te fuiste
[00:00:39] [Server thread/INFO]: [Not Secure] <asso__p> tontito tu
[00:00:45] [Server thread/INFO]: [shlz07: Teleported shlz07 to asso__p]
[00:01:21] [Server thread/INFO]: [Not Secure] <shlz07> tiens mas comida?
[00:01:26] [Server thread/INFO]: [Not Secure] <asso__p> no tienes caborn xd?
[00:01:36] [Server thread/INFO]: [Not Secure] <shlz07> mno}{}p´{ñ{´lñ
[00:01:40] [Server thread/INFO]: [Not Secure] <asso__p> simon
[00:02:29] [Server thread/INFO]: [shlz07: Teleported shlz07 to -365.500000, 63.500000, -455.500000]
[00:02:52] [Server thread/INFO]: [shlz07: Teleported shlz07 to asso__p]
[00:03:08] [Server thread/INFO]: [Not Secure] <asso__p> luis ven
[00:03:21] [Server thread/INFO]: [asso__p: Teleported shlz07 to asso__p]
[00:03:32] [Server thread/INFO]: [Not Secure] <asso__p> a
[00:03:36] [Server thread/INFO]: [Not Secure] <shlz07> xd
[00:03:38] [Server thread/INFO]: [Not Secure] <asso__p> xd
[00:03:46] [Server thread/INFO]: [Not Secure] <asso__p> segun yo se podia lanzar xd
[00:03:53] [Server thread/INFO]: [shlz07: Teleported shlz07 to -365.500000, 63.500000, -455.500000]
[00:04:02] [Server thread/INFO]: [Not Secure] <shlz07> ni que fuera skywars
[00:04:47] [Server thread/INFO]: [asso__p: Teleported asso__p to 529.500000, 73.500000, -305.500000]
[00:04:55] [Server thread/INFO]: [shlz07: Teleported shlz07 to -98.500000, 67.500000, -241.500000]
[00:05:26] [Server thread/INFO]: [Not Secure] <shlz07> wey
[00:05:30] [Server thread/INFO]: [Not Secure] <asso__p> eu
[00:05:32] [Server thread/INFO]: [Not Secure] <shlz07> ven
[00:05:37] [Server thread/INFO]: [asso__p: Teleported asso__p to -276.500000, 96.500000, -530.500000]
[00:05:49] [Server thread/INFO]: [asso__p: Teleported asso__p to shlz07]
[00:05:53] [Server thread/INFO]: [Not Secure] <asso__p> ay
[00:05:58] [Server thread/INFO]: [Not Secure] <shlz07> mira e
[00:06:03] [Server thread/INFO]: [Not Secure] <shlz07> ????
[00:06:09] [Server thread/INFO]: [Not Secure] <asso__p> que
[00:06:24] [Server thread/INFO]: [Not Secure] <asso__p> ?
[00:06:30] [Server thread/INFO]: [Not Secure] <shlz07> pa q lo matas
[00:06:38] [Server thread/INFO]: [Not Secure] <asso__p> que tenia o que xd
[00:06:54] [Server thread/INFO]: shlz07 has made the advancement [Not Today, Thank You]
[00:07:10] [Server thread/INFO]: asso__p has made the advancement [Not Today, Thank You]
[00:07:46] [Server thread/INFO]: [Not Secure] <asso__p> esta grandisima
[00:07:58] [Server thread/INFO]: [Not Secure] <asso__p> mi pariente
[00:08:03] [Server thread/INFO]: [Not Secure] <asso__p> ten
[00:08:15] [Server thread/INFO]: [asso__p: Teleported asso__p to -31.500000, 64.500000, -65.500000]
[00:08:35] [Server thread/INFO]: [asso__p: Teleported asso__p to 971.500000, 63.500000, 58.500000]
[00:08:47] [Server thread/INFO]: [shlz07: Teleported shlz07 to -100.500000, 67.500000, -225.500000]
[00:09:37] [Server thread/INFO]: [Not Secure] <asso__p> solo me faltan 3 manderas
[00:10:04] [Server thread/INFO]: [Not Secure] <asso__p> jaja te iba a decir zz
[00:11:28] [Server thread/INFO]: [asso__p: Teleported asso__p to -276.500000, 96.500000, -530.500000]
[00:12:24] [Server thread/INFO]: [asso__p: Teleported asso__p to 1026.500000, 66.500000, 59.500000]
